<?xml version="1.0" encoding="UTF-8"?>
<!-- Generated by org.testng.reporters.JUnitXMLReporter -->
<testsuite hostname="LAPTOP-D1KLJ109" ignored="1" name="sequentialTest" tests="2" failures="1" timestamp="21 Jul 2018 06:42:27 GMT" time="55.832" errors="0">
  <testcase name="createLead" time="41.362" classname="wdMethods.CreateLead">
    <failure type="org.openqa.selenium.NoSuchElementException" message="Cannot locate element with text: LEAD_EMPLOYEE
For documentation on this error, please visit: http://seleniumhq.org/exceptions/no_such_element.html
Build info: version: &amp;apos;3.12.0&amp;apos;, revision: &amp;apos;7c6e0b3&amp;apos;, time: &amp;apos;2018-05-08T14:04:26.12Z&amp;apos;
System info: host: &amp;apos;LAPTOP-D1KLJ109&amp;apos;, ip: &amp;apos;192.168.43.249&amp;apos;, os.name: &amp;apos;Windows 8.1&amp;apos;, os.arch: &amp;apos;x86&amp;apos;, os.version: &amp;apos;6.3&amp;apos;, java.version: &amp;apos;1.8.0&amp;apos;
Driver info: driver.version: unknown">
      <![CDATA[org.openqa.selenium.NoSuchElementException: Cannot locate element with text: LEAD_EMPLOYEE
For documentation on this error, please visit: http://seleniumhq.org/exceptions/no_such_element.html
Build info: version: '3.12.0', revision: '7c6e0b3', time: '2018-05-08T14:04:26.12Z'
System info: host: 'LAPTOP-D1KLJ109', ip: '192.168.43.249', os.name: 'Windows 8.1', os.arch: 'x86', os.version: '6.3', java.version: '1.8.0'
Driver info: driver.version: unknown
at org.openqa.selenium.support.ui.Select.selectByVisibleText(Select.java:151)
at wdMethods.SeMethods.selectDropDownUsingText(SeMethods.java:120)
at wdMethods.CreateLead.createLead(CreateLead.java:32)
at java.util.concurrent.ThreadPoolExecutor.runWorker(Unknown Source)
at java.util.concurrent.ThreadPoolExecutor$Worker.run(Unknown Source)
at java.lang.Thread.run(Unknown Source)
... Removed 10 stack frames]]>
    </failure>
  </testcase> <!-- createLead -->
  <testcase name="createContactTest" time="0.0" classname="wdMethods.TestCase1_CreateContactSe">
    <skipped/>
  </testcase> <!-- createContactTest -->
  <testcase name="flipKartTest" time="0.0" classname="wdMethods.FlipkartSe">
    <ignored/>
  </testcase> <!-- flipKartTest -->
</testsuite> <!-- sequentialTest -->
